4 [4129673216] INFO perfrun.launcher <> - Launcher main begin
7 [4129673216] INFO perfrun.launcher <> - MessageCatalogInit finished
7 [4129673216] INFO perfrun.launcher <> - Launcher instance created
7 [4129673216] INFO perfrun.launcher <> - argc = 6; cmdline = /opt/intel/oneapi/vtune/2026.0/bin32/amplxe-runss -dump-vdso -r /home/lieunoir/rust/mesh_parsers/parser/r001hs --tmp-dir /tmp/amplxe-tmp-lieunoir 
14 [4129673216] INFO perfrun.launcher <> - create msngr2::ICliToolContext
14 [4129673216] INFO perfrun.launcher <> - create file finder object
17 [4129131328] INFO perfrun.launcher <> - plugin [remoteplug] was disabled because it doesn't support the given collection type.
17 [4129131328] INFO perfrun.launcher <> - plugin [] was disabled because it doesn't support the given collection type.
17 [4129131328] INFO perfrun.vdso <> - dumping [vdso] pseudomodule
18 [4129131328] INFO perfrun.launcher <> - plugin [] was disabled because it doesn't support the given collection type.
18 [4129131328] INFO perfrun.launcher <> - plugin [] was disabled because it doesn't support the given collection type.
18 [4129131328] INFO perfrun.launcher <> - plugin [] was disabled because it doesn't support the given collection type.
18 [4129131328] INFO perfrun.launcher <> - plugin [] was disabled because it doesn't support the given collection type.
18 [4129131328] INFO perfrun.launcher <> - plugin [] was disabled because it doesn't support the given collection type.
18 [4129131328] INFO perfrun.launcher <> - plugin [] was disabled because it doesn't support the given collection type.
18 [4129131328] INFO perfrun.launcher <> - plugin [] was disabled because it doesn't support the given collection type.
18 [4129131328] INFO perfrun.launcher <> - plugin [] was disabled because it doesn't support the given collection type.
18 [4129131328] INFO perfrun.launcher <> - plugin [] was disabled because it doesn't support the given collection type.
18 [4129131328] INFO perfrun.launcher <> - plugin [] was disabled because it doesn't support the given collection type.
18 [4129131328] INFO perfrun.launcher <> - plugin [] was disabled because it doesn't support the given collection type.
18 [4129131328] INFO perfrun.launcher <> - plugin [] was disabled because it doesn't support the given collection type.
18 [4129131328] INFO perfrun.launcher <> - plugin [] was disabled because it doesn't support the given collection type.
18 [4129131328] INFO perfrun.launcher <> - plugin [] was disabled because it doesn't support the given collection type.
18 [4129131328] INFO perfrun.launcher <> - plugin [] was disabled because it doesn't support the given collection type.
18 [4129131328] INFO perfrun.launcher <> - plugin [] was disabled because it doesn't support the given collection type.
18 [4129131328] INFO perfrun.launcher <> - plugin [] was disabled because it doesn't support the given collection type.
18 [4129131328] INFO perfrun.launcher <> - plugin [] was disabled because it doesn't support the given collection type.
18 [4129131328] INFO perfrun.launcher <> - plugin [] was disabled because it doesn't support the given collection type.
18 [4129131328] INFO perfrun.launcher <> - plugin [] was disabled because it doesn't support the given collection type.
18 [4129131328] INFO perfrun.launcher <> - plugin [] was disabled because it doesn't support the given collection type.
18 [4129131328] INFO perfrun.launcher <> - plugin [] was disabled because it doesn't support the given collection type.
18 [4129131328] INFO perfrun.launcher <> - plugin [] was disabled because it doesn't support the given collection type.
18 [4129131328] INFO perfrun.launcher <> - plugin [] was disabled because it doesn't support the given collection type.
18 [4129131328] INFO perfrun.launcher <> - plugin [] was disabled because it doesn't support the given collection type.
18 [4129673216] INFO perfrun.launcher <> - Application exit code: 0
18 [4129673216] INFO perfrun.launcher <> - Exit code: 0
