0 [140443126052032] INFO perfrun.launcher <> - Launcher main begin
1 [140443126052032] INFO perfrun.launcher <> - MessageCatalogInit finished
1 [140443126052032] INFO perfrun.launcher <> - Launcher instance created
1 [140443126052032] INFO perfrun.launcher <> - argc = 6; cmdline = /opt/intel/oneapi/vtune/2026.0/bin64/amplxe-runss -dump-vdso -r /home/lieunoir/rust/mesh_parsers/parser/r001hs --tmp-dir /tmp/amplxe-tmp-lieunoir 
274 [140443126052032] INFO perfrun.perfcollector <> - SEP tool path: /opt/intel/oneapi/vtune/2026.0/bin64/sep
281 [140443126052032] INFO perfrun.launcher <> - create msngr2::ICliToolContext
282 [140443126052032] INFO perfrun.launcher <> - create file finder object
284 [140442966419136] INFO perfrun.launcher <> - plugin [remoteplug] was disabled because it doesn't support the given collection type.
284 [140442966419136] INFO perfrun.launcher <> - plugin [system] was disabled because it doesn't support the given collection type.
284 [140442966419136] INFO perfrun.vdso <> - dumping [vdso] pseudomodule
285 [140442966419136] INFO perfrun.launcher <> - plugin [itt] was disabled because it doesn't support the given collection type.
285 [140442966419136] INFO perfrun.launcher <> - plugin [ptracecollector] was disabled because it doesn't support the given collection type.
285 [140442966419136] INFO perfrun.launcher <> - plugin [gpu] was disabled because it doesn't support the given collection type.
285 [140442966419136] INFO perfrun.launcher <> - plugin [] was disabled because it doesn't support the given collection type.
285 [140442966419136] INFO perfrun.launcher <> - plugin [] was disabled because it doesn't support the given collection type.
285 [140442966419136] INFO perfrun.launcher <> - plugin [] was disabled because it doesn't support the given collection type.
285 [140442966419136] INFO perfrun.launcher <> - plugin [mrte] was disabled because it doesn't support the given collection type.
285 [140442966419136] INFO perfrun.launcher <> - plugin [emon] was disabled because it doesn't support the given collection type.
285 [140442966419136] INFO perfrun.launcher <> - plugin [cuscol] was disabled because it doesn't support the given collection type.
285 [140442966419136] INFO perfrun.launcher <> - plugin [stdsrc] was disabled because it doesn't support the given collection type.
285 [140442966419136] INFO perfrun.launcher <> - plugin [sep] was disabled because it doesn't support the given collection type.
285 [140442966419136] INFO perfrun.launcher <> - plugin [vtsspp] was disabled because it doesn't support the given collection type.
285 [140442966419136] INFO perfrun.launcher <> - plugin [perf] was disabled because it doesn't support the given collection type.
285 [140442966419136] INFO perfrun.launcher <> - plugin [aoclprofile] was disabled because it doesn't support the given collection type.
285 [140442966419136] INFO perfrun.launcher <> - plugin [tpss] was disabled because it doesn't support the given collection type.
285 [140442966419136] INFO perfrun.launcher <> - plugin [media] was disabled because it doesn't support the given collection type.
285 [140442966419136] INFO perfrun.launcher <> - plugin [] was disabled because it doesn't support the given collection type.
285 [140442966419136] INFO perfrun.launcher <> - plugin [] was disabled because it doesn't support the given collection type.
285 [140442966419136] INFO perfrun.launcher <> - plugin [parallelfs] was disabled because it doesn't support the given collection type.
285 [140442966419136] INFO perfrun.launcher <> - plugin [power] was disabled because it doesn't support the given collection type.
285 [140442966419136] INFO perfrun.launcher <> - plugin [] was disabled because it doesn't support the given collection type.
285 [140442966419136] INFO perfrun.launcher <> - plugin [] was disabled because it doesn't support the given collection type.
285 [140442966419136] INFO perfrun.launcher <> - plugin [] was disabled because it doesn't support the given collection type.
285 [140442966419136] INFO perfrun.launcher <> - plugin [l0_metrics] was disabled because it doesn't support the given collection type.
285 [140442966419136] INFO perfrun.launcher <> - plugin [stall_reasons] was disabled because it doesn't support the given collection type.
285 [140443126052032] INFO perfrun.launcher <> - Application exit code: 0
285 [140443126052032] INFO perfrun.launcher <> - Exit code: 0
