0 [139918962308288] INFO perfrun.launcher <> - Launcher main begin
1 [139918962308288] INFO perfrun.launcher <> - MessageCatalogInit finished
1 [139918962308288] INFO perfrun.launcher <> - Launcher instance created
1 [139918962308288] INFO perfrun.launcher <> - argc = 7; cmdline = /opt/intel/oneapi/vtune/2026.0/bin64/amplxe-runss --ui-output-format xml --ui-output-fd 14 --option-file /home/lieunoir/rust/mesh_parsers/parser/r001hs/config/runsa.options 
1069 [139918962308288] INFO perfrun.perfcollector <> - SEP tool path: /opt/intel/oneapi/vtune/2026.0/bin64/sep
1079 [139918962308288] INFO perfrun.launcher <> - create msngr2::ICliToolContext
1080 [139918962308288] INFO perfrun.launcher <> - create file finder object
1080 [139918962308288] INFO perfrun.launcher <> - create a result directory: pattern = /home/lieunoir/rust/mesh_parsers/parser/r001hs pid = 4294967295
1083 [139918962308288] INFO perfrun.sdk <> - checked that the directory /home/lieunoir/rust/mesh_parsers/parser/r001hs is a local directory
1083 [139918962308288] INFO perfrun.sdk <> - the directory /home/lieunoir/rust/mesh_parsers/parser/r001hs is a local directory with FS type ID 61267
1083 [139918962308288] INFO perfrun.launcher <> - create data directory = /home/lieunoir/rust/mesh_parsers/parser/r001hs/data.0
1083 [139918962308288] INFO perfrun.launcher <> - Creating the master collection flag
1094 [139918962308288] INFO perfrun.launcher <> - Done creating the master collection flag
1096 [139918802151104] INFO perfrun.launcher <> - plugin [remoteplug] was disabled because it doesn't support the given collection type.
1097 [139918802151104] INFO perfrun.sdk <> - Allocating TMU :/home/lieunoir/rust/mesh_parsers/parser/r001hs/data.0/systemcollector-210578-hirondelle.sc
1097 [139918802151104] INFO perfrun.launcher <> - plugin [ptracecollector] was disabled because it doesn't support the given collection type.
1097 [139918802151104] INFO perfrun.launcher <> - plugin [gpu] was disabled because it doesn't support the given collection type.
1097 [139918802151104] INFO perfrun.launcher <> - plugin [] was disabled because it doesn't support the given collection type.
1097 [139918802151104] INFO perfrun.launcher <> - plugin [] was disabled because it doesn't support the given collection type.
1097 [139918802151104] INFO perfrun.launcher <> - plugin [] was disabled because it doesn't support the given collection type.
1097 [139918802151104] INFO perfrun.mrte <> - system-wide mode is 0
1097 [139918802151104] INFO perfrun.mrte <> - Getting  mrte profiling environment ...
1110 [139918802151104] INFO perfrun.mrte <> - INTEL_MRTE_DATA_DIR=/home/lieunoir/rust/mesh_parsers/parser/r001hs/data.0
1110 [139918802151104] INFO perfrun.mrte <> - INTEL_MRTE_HOST_NAME=hirondelle
1110 [139918802151104] INFO perfrun.mrte <> - JAVA_TOOL_OPTIONS=-agentlib:amplxe_samplingmrte_javaprof_1.0 -Dsun.boot.library.path=/opt/intel/oneapi/vtune/2026.0/lib32/runtime:/opt/intel/oneapi/vtune/2026.0/lib64/runtime
1110 [139918802151104] INFO perfrun.mrte <> - LD_LIBRARY_PATH=/opt/intel/oneapi/vtune/2026.0/lib32/runtime:/opt/intel/oneapi/vtune/2026.0/lib64/runtime
1110 [139918802151104] INFO perfrun.mrte <> - CORECLR_ENABLE_PROFILING=1
1110 [139918802151104] INFO perfrun.mrte <> - CORECLR_PROFILER={AA5E4821-E3B1-479c-B7FF-5AD047D22CED}
1110 [139918802151104] INFO perfrun.mrte <> - CORECLR_PROFILER_PATH=/opt/intel/oneapi/vtune/2026.0/lib64/libamplxe_samplingmrte_clrprof_1.0.so
1110 [139918802151104] INFO perfrun.mrte <> - INTEL_MRTE_PROFILER_MODE=mixed
1110 [139918802151104] INFO perfrun.mrte <> - Data directory: /home/lieunoir/rust/mesh_parsers/parser/r001hs/data.0
1110 [139918802151104] INFO perfrun.mrte <> - Mrte plugin is initialized
1110 [139918802151104] INFO perfrun.launcher <> - plugin [emon] was disabled because it doesn't support the given collection type.
1110 [139918802151104] INFO perfrun.launcher <> - plugin [cuscol] was disabled because it doesn't support the given collection type.
1110 [139918802151104] INFO perfrun.launcher <> - plugin [stdsrc] was disabled because it doesn't support the given collection type.
1110 [139918802151104] INFO perfrun.launcher <> - plugin [sep] was disabled because it doesn't support the given collection type.
1110 [139918802151104] INFO perfrun.launcher <> - plugin [vtsspp] was disabled because it doesn't support the given collection type.
1110 [139918802151104] INFO perfrun.perfcollector <> - Platform type: 142
1110 [139918802151104] INFO perfrun.sdk <> - Reading value (1) from file: /proc/sys/kernel/perf_event_paranoid
1110 [139918802151104] INFO perfrun.perfcollector <> - checking access to: /opt/intel/oneapi/vtune/2026.0/bin64/amplxe-perf-priv
1110 [139918802151104] INFO perfrun.perfcollector <> - dir found: /sys/bus/event_source/devices/software
1110 [139918802151104] INFO perfrun.perfcollector <> - format: pmu format subdir doesn't exist
1110 [139918802151104] INFO perfrun.perfcollector <> - hwInfo: not set, pmuFam: software
1110 [139918802151104] INFO perfrun.perfcollector <> - pmu added: software, idx: 0
1110 [139918802151104] INFO perfrun.perfcollector <> - dir found: /sys/bus/event_source/devices/uncore_imc_free_running_1
1110 [139918802151104] INFO perfrun.perfcollector <> - format: event: config:0-7, mask:0-7
1110 [139918802151104] INFO perfrun.perfcollector <> - format: umask: config:8-15, mask:8-15
1110 [139918802151104] INFO perfrun.perfcollector <> - hwInfo: not set, pmuFam: uncore_imc_free_running
1110 [139918802151104] INFO perfrun.perfcollector <> - pmu caps: raw,format,events
1110 [139918802151104] INFO perfrun.perfcollector <> - pmu added: uncore_imc_free_running, idx: 1
1110 [139918802151104] INFO perfrun.perfcollector <> - dir found: /sys/bus/event_source/devices/uncore_clock
1110 [139918802151104] INFO perfrun.perfcollector <> - format: event: config:0-7, mask:0-7
1110 [139918802151104] INFO perfrun.perfcollector <> - hwInfo: not set, pmuFam: uncore_clock
1110 [139918802151104] INFO perfrun.perfcollector <> - pmu caps: raw,format,events
1110 [139918802151104] INFO perfrun.perfcollector <> - pmu added: uncore_clock, idx: 0
1110 [139918802151104] INFO perfrun.perfcollector <> - dir found: /sys/bus/event_source/devices/uncore_cbox_6
1110 [139918802151104] INFO perfrun.perfcollector <> - format: event: config:0-7, mask:0-7
1111 [139918802151104] INFO perfrun.perfcollector <> - format: edge: config:18, mask:18
1111 [139918802151104] INFO perfrun.perfcollector <> - format: inv: config:23, mask:23
1111 [139918802151104] INFO perfrun.perfcollector <> - format: umask: config:8-15, mask:8-15
1111 [139918802151104] INFO perfrun.perfcollector <> - format: cmask: config:24-28, mask:24-28
1111 [139918802151104] INFO perfrun.perfcollector <> - hwInfo: PERF_CBOX_PMU_DETAILS
1111 [139918802151104] INFO perfrun.perfcollector <> - pmu caps: raw,format
1111 [139918802151104] INFO perfrun.perfcollector <> - pmu added: uncore_cbox, idx: 6
1111 [139918802151104] INFO perfrun.perfcollector <> - dir found: /sys/bus/event_source/devices/power
1111 [139918802151104] INFO perfrun.perfcollector <> - format: event: config:0-7, mask:0-7
1111 [139918802151104] INFO perfrun.perfcollector <> - hwInfo: not set, pmuFam: power
1111 [139918802151104] INFO perfrun.perfcollector <> - pmu caps: raw,format,events
1111 [139918802151104] INFO perfrun.perfcollector <> - pmu added: power, idx: 0
1111 [139918802151104] INFO perfrun.perfcollector <> - dir found: /sys/bus/event_source/devices/uncore_cbox_4
1111 [139918802151104] INFO perfrun.perfcollector <> - format: event: config:0-7, mask:0-7
1111 [139918802151104] INFO perfrun.perfcollector <> - format: edge: config:18, mask:18
1111 [139918802151104] INFO perfrun.perfcollector <> - format: inv: config:23, mask:23
1111 [139918802151104] INFO perfrun.perfcollector <> - format: umask: config:8-15, mask:8-15
1111 [139918802151104] INFO perfrun.perfcollector <> - format: cmask: config:24-28, mask:24-28
1111 [139918802151104] INFO perfrun.perfcollector <> - hwInfo: PERF_CBOX_PMU_DETAILS
1111 [139918802151104] INFO perfrun.perfcollector <> - pmu caps: raw,format
1111 [139918802151104] INFO perfrun.perfcollector <> - pmu added: uncore_cbox, idx: 4
1111 [139918802151104] INFO perfrun.perfcollector <> - dir found: /sys/bus/event_source/devices/uprobe
1111 [139918802151104] INFO perfrun.perfcollector <> - format: ref_ctr_offset: config:32-63, mask:32-63
1111 [139918802151104] INFO perfrun.perfcollector <> - format: retprobe: config:0, mask:0
1111 [139918802151104] INFO perfrun.perfcollector <> - hwInfo: not set, pmuFam: uprobe
1111 [139918802151104] INFO perfrun.perfcollector <> - pmu caps: raw,format
1111 [139918802151104] INFO perfrun.perfcollector <> - pmu added: uprobe, idx: 0
1111 [139918802151104] INFO perfrun.perfcollector <> - dir found: /sys/bus/event_source/devices/intel_bts
1111 [139918802151104] INFO perfrun.perfcollector <> - format: pmu format subdir doesn't exist
1111 [139918802151104] INFO perfrun.perfcollector <> - hwInfo: not set, pmuFam: intel_bts
1111 [139918802151104] INFO perfrun.perfcollector <> - pmu added: intel_bts, idx: 0
1111 [139918802151104] INFO perfrun.perfcollector <> - dir found: /sys/bus/event_source/devices/cpu
1111 [139918802151104] INFO perfrun.perfcollector <> - format: event: config:0-7, mask:0-7
1111 [139918802151104] INFO perfrun.perfcollector <> - format: pc: config:19, mask:19
1111 [139918802151104] INFO perfrun.perfcollector <> - format: edge: config:18, mask:18
1111 [139918802151104] INFO perfrun.perfcollector <> - format: offcore_rsp: config1:0-63, mask:0-63
1111 [139918802151104] INFO perfrun.perfcollector <> - format: ldlat: config1:0-15, mask:0-15
1111 [139918802151104] INFO perfrun.perfcollector <> - format: inv: config:23, mask:23
1111 [139918802151104] INFO perfrun.perfcollector <> - format: umask: config:8-15, mask:8-15
1111 [139918802151104] INFO perfrun.perfcollector <> - format: frontend: config1:0-23, mask:0-23
1111 [139918802151104] INFO perfrun.perfcollector <> - format: cmask: config:24-31, mask:24-31
1111 [139918802151104] INFO perfrun.perfcollector <> - hwInfo: PERF_CPU_PMU_DETAILS
1111 [139918802151104] INFO perfrun.perfcollector <> - pmu caps: raw,format,events,ldlat,frontend,offcore_rsp
1111 [139918802151104] INFO perfrun.perfcollector <> - pmu added: cpu, idx: 0
1111 [139918802151104] INFO perfrun.perfcollector <> - dir found: /sys/bus/event_source/devices/cstate_core
1111 [139918802151104] INFO perfrun.perfcollector <> - format: event: config:0-63, mask:0-63
1111 [139918802151104] INFO perfrun.perfcollector <> - hwInfo: not set, pmuFam: cstate_core
1111 [139918802151104] INFO perfrun.perfcollector <> - pmu caps: raw,format,events
1111 [139918802151104] INFO perfrun.perfcollector <> - pmu added: cstate_core, idx: 0
1111 [139918802151104] INFO perfrun.perfcollector <> - dir found: /sys/bus/event_source/devices/uncore_cbox_2
1111 [139918802151104] INFO perfrun.perfcollector <> - format: event: config:0-7, mask:0-7
1111 [139918802151104] INFO perfrun.perfcollector <> - format: edge: config:18, mask:18
1111 [139918802151104] INFO perfrun.perfcollector <> - format: inv: config:23, mask:23
1111 [139918802151104] INFO perfrun.perfcollector <> - format: umask: config:8-15, mask:8-15
1111 [139918802151104] INFO perfrun.perfcollector <> - format: cmask: config:24-28, mask:24-28
1111 [139918802151104] INFO perfrun.perfcollector <> - hwInfo: PERF_CBOX_PMU_DETAILS
1111 [139918802151104] INFO perfrun.perfcollector <> - pmu caps: raw,format
1111 [139918802151104] INFO perfrun.perfcollector <> - pmu added: uncore_cbox, idx: 2
1111 [139918802151104] INFO perfrun.perfcollector <> - dir found: /sys/bus/event_source/devices/breakpoint
1111 [139918802151104] INFO perfrun.perfcollector <> - format: pmu format subdir doesn't exist
1111 [139918802151104] INFO perfrun.perfcollector <> - hwInfo: not set, pmuFam: breakpoint
1111 [139918802151104] INFO perfrun.perfcollector <> - pmu added: breakpoint, idx: 0
1111 [139918802151104] INFO perfrun.perfcollector <> - dir found: /sys/bus/event_source/devices/uncore_cbox_0
1111 [139918802151104] INFO perfrun.perfcollector <> - format: event: config:0-7, mask:0-7
1111 [139918802151104] INFO perfrun.perfcollector <> - format: edge: config:18, mask:18
1111 [139918802151104] INFO perfrun.perfcollector <> - format: inv: config:23, mask:23
1111 [139918802151104] INFO perfrun.perfcollector <> - format: umask: config:8-15, mask:8-15
1111 [139918802151104] INFO perfrun.perfcollector <> - format: cmask: config:24-28, mask:24-28
1111 [139918802151104] INFO perfrun.perfcollector <> - hwInfo: PERF_CBOX_PMU_DETAILS
1111 [139918802151104] INFO perfrun.perfcollector <> - pmu caps: raw,format
1111 [139918802151104] INFO perfrun.perfcollector <> - pmu added: uncore_cbox, idx: 0
1111 [139918802151104] INFO perfrun.perfcollector <> - dir found: /sys/bus/event_source/devices/tracepoint
1111 [139918802151104] INFO perfrun.perfcollector <> - format: pmu format subdir doesn't exist
1111 [139918802151104] INFO perfrun.perfcollector <> - hwInfo: not set, pmuFam: tracepoint
1111 [139918802151104] INFO perfrun.perfcollector <> - pmu added: tracepoint, idx: 0
1111 [139918802151104] INFO perfrun.perfcollector <> - dir found: /sys/bus/event_source/devices/cstate_pkg
1111 [139918802151104] INFO perfrun.perfcollector <> - format: event: config:0-63, mask:0-63
1111 [139918802151104] INFO perfrun.perfcollector <> - hwInfo: not set, pmuFam: cstate_pkg
1111 [139918802151104] INFO perfrun.perfcollector <> - pmu caps: raw,format,events
1111 [139918802151104] INFO perfrun.perfcollector <> - pmu added: cstate_pkg, idx: 0
1111 [139918802151104] INFO perfrun.perfcollector <> - dir found: /sys/bus/event_source/devices/uncore_imc_free_running_0
1112 [139918802151104] INFO perfrun.perfcollector <> - format: event: config:0-7, mask:0-7
1112 [139918802151104] INFO perfrun.perfcollector <> - format: umask: config:8-15, mask:8-15
1112 [139918802151104] INFO perfrun.perfcollector <> - hwInfo: not set, pmuFam: uncore_imc_free_running
1112 [139918802151104] INFO perfrun.perfcollector <> - pmu caps: raw,format,events
1112 [139918802151104] INFO perfrun.perfcollector <> - pmu added: uncore_imc_free_running, idx: 0
1112 [139918802151104] INFO perfrun.perfcollector <> - dir found: /sys/bus/event_source/devices/uncore_arb
1112 [139918802151104] INFO perfrun.perfcollector <> - format: event: config:0-7, mask:0-7
1112 [139918802151104] INFO perfrun.perfcollector <> - format: edge: config:18, mask:18
1112 [139918802151104] INFO perfrun.perfcollector <> - format: inv: config:23, mask:23
1112 [139918802151104] INFO perfrun.perfcollector <> - format: umask: config:8-15, mask:8-15
1112 [139918802151104] INFO perfrun.perfcollector <> - format: cmask: config:24-28, mask:24-28
1112 [139918802151104] INFO perfrun.perfcollector <> - hwInfo: not set, pmuFam: uncore_arb
1112 [139918802151104] INFO perfrun.perfcollector <> - pmu caps: raw,format
1112 [139918802151104] INFO perfrun.perfcollector <> - pmu added: uncore_arb, idx: 0
1112 [139918802151104] INFO perfrun.perfcollector <> - dir found: /sys/bus/event_source/devices/uncore_cbox_7
1112 [139918802151104] INFO perfrun.perfcollector <> - format: event: config:0-7, mask:0-7
1112 [139918802151104] INFO perfrun.perfcollector <> - format: edge: config:18, mask:18
1112 [139918802151104] INFO perfrun.perfcollector <> - format: inv: config:23, mask:23
1112 [139918802151104] INFO perfrun.perfcollector <> - format: umask: config:8-15, mask:8-15
1112 [139918802151104] INFO perfrun.perfcollector <> - format: cmask: config:24-28, mask:24-28
1112 [139918802151104] INFO perfrun.perfcollector <> - hwInfo: PERF_CBOX_PMU_DETAILS
1112 [139918802151104] INFO perfrun.perfcollector <> - pmu caps: raw,format
1112 [139918802151104] INFO perfrun.perfcollector <> - pmu added: uncore_cbox, idx: 7
1112 [139918802151104] INFO perfrun.perfcollector <> - dir found: /sys/bus/event_source/devices/kprobe
1112 [139918802151104] INFO perfrun.perfcollector <> - format: retprobe: config:0, mask:0
1112 [139918802151104] INFO perfrun.perfcollector <> - hwInfo: not set, pmuFam: kprobe
1112 [139918802151104] INFO perfrun.perfcollector <> - pmu caps: raw,format
1112 [139918802151104] INFO perfrun.perfcollector <> - pmu added: kprobe, idx: 0
1112 [139918802151104] INFO perfrun.perfcollector <> - dir found: /sys/bus/event_source/devices/uncore_cbox_5
1112 [139918802151104] INFO perfrun.perfcollector <> - format: event: config:0-7, mask:0-7
1112 [139918802151104] INFO perfrun.perfcollector <> - format: edge: config:18, mask:18
1112 [139918802151104] INFO perfrun.perfcollector <> - format: inv: config:23, mask:23
1112 [139918802151104] INFO perfrun.perfcollector <> - format: umask: config:8-15, mask:8-15
1112 [139918802151104] INFO perfrun.perfcollector <> - format: cmask: config:24-28, mask:24-28
1112 [139918802151104] INFO perfrun.perfcollector <> - hwInfo: PERF_CBOX_PMU_DETAILS
1112 [139918802151104] INFO perfrun.perfcollector <> - pmu caps: raw,format
1112 [139918802151104] INFO perfrun.perfcollector <> - pmu added: uncore_cbox, idx: 5
1112 [139918802151104] INFO perfrun.perfcollector <> - dir found: /sys/bus/event_source/devices/i915
1112 [139918802151104] INFO perfrun.perfcollector <> - format: i915_eventid: config:0-20, mask:0-20
1112 [139918802151104] INFO perfrun.perfcollector <> - hwInfo: not set, pmuFam: i915
1112 [139918802151104] INFO perfrun.perfcollector <> - pmu caps: raw,format,events
1112 [139918802151104] INFO perfrun.perfcollector <> - pmu added: i915, idx: 0
1112 [139918802151104] INFO perfrun.perfcollector <> - dir found: /sys/bus/event_source/devices/msr
1112 [139918802151104] INFO perfrun.perfcollector <> - format: event: config:0-63, mask:0-63
1112 [139918802151104] INFO perfrun.perfcollector <> - hwInfo: not set, pmuFam: msr
1112 [139918802151104] INFO perfrun.perfcollector <> - pmu caps: raw,format,events
1112 [139918802151104] INFO perfrun.perfcollector <> - pmu added: msr, idx: 0
1112 [139918802151104] INFO perfrun.perfcollector <> - dir found: /sys/bus/event_source/devices/uncore_cbox_3
1112 [139918802151104] INFO perfrun.perfcollector <> - format: event: config:0-7, mask:0-7
1112 [139918802151104] INFO perfrun.perfcollector <> - format: edge: config:18, mask:18
1112 [139918802151104] INFO perfrun.perfcollector <> - format: inv: config:23, mask:23
1112 [139918802151104] INFO perfrun.perfcollector <> - format: umask: config:8-15, mask:8-15
1112 [139918802151104] INFO perfrun.perfcollector <> - format: cmask: config:24-28, mask:24-28
1112 [139918802151104] INFO perfrun.perfcollector <> - hwInfo: PERF_CBOX_PMU_DETAILS
1112 [139918802151104] INFO perfrun.perfcollector <> - pmu caps: raw,format
1112 [139918802151104] INFO perfrun.perfcollector <> - pmu added: uncore_cbox, idx: 3
1112 [139918802151104] INFO perfrun.perfcollector <> - dir found: /sys/bus/event_source/devices/intel_pt
1112 [139918802151104] INFO perfrun.perfcollector <> - format: ptw: config:12, mask:12
1112 [139918802151104] INFO perfrun.perfcollector <> - format: event: config:31, mask:31
1112 [139918802151104] INFO perfrun.perfcollector <> - format: cyc_thresh: config:19-22, mask:19-22
1112 [139918802151104] INFO perfrun.perfcollector <> - format: pt: config:0, mask:0
1112 [139918802151104] INFO perfrun.perfcollector <> - format: notnt: config:55, mask:55
1112 [139918802151104] INFO perfrun.perfcollector <> - format: branch: config:13, mask:13
1112 [139918802151104] INFO perfrun.perfcollector <> - format: tsc: config:10, mask:10
1112 [139918802151104] INFO perfrun.perfcollector <> - format: pwr_evt: config:4, mask:4
1112 [139918802151104] INFO perfrun.perfcollector <> - format: fup_on_ptw: config:5, mask:5
1112 [139918802151104] INFO perfrun.perfcollector <> - format: cyc: config:1, mask:1
1112 [139918802151104] INFO perfrun.perfcollector <> - format: noretcomp: config:11, mask:11
1112 [139918802151104] INFO perfrun.perfcollector <> - format: mtc: config:9, mask:9
1112 [139918802151104] INFO perfrun.perfcollector <> - format: psb_period: config:24-27, mask:24-27
1112 [139918802151104] INFO perfrun.perfcollector <> - format: mtc_period: config:14-17, mask:14-17
1112 [139918802151104] INFO perfrun.perfcollector <> - hwInfo: not set, pmuFam: intel_pt
1112 [139918802151104] INFO perfrun.perfcollector <> - pmu caps: raw,format
1112 [139918802151104] INFO perfrun.perfcollector <> - pmu added: intel_pt, idx: 0
1112 [139918802151104] INFO perfrun.perfcollector <> - dir found: /sys/bus/event_source/devices/uncore_cbox_1
1112 [139918802151104] INFO perfrun.perfcollector <> - format: event: config:0-7, mask:0-7
1112 [139918802151104] INFO perfrun.perfcollector <> - format: edge: config:18, mask:18
1112 [139918802151104] INFO perfrun.perfcollector <> - format: inv: config:23, mask:23
1112 [139918802151104] INFO perfrun.perfcollector <> - format: umask: config:8-15, mask:8-15
1112 [139918802151104] INFO perfrun.perfcollector <> - format: cmask: config:24-28, mask:24-28
1112 [139918802151104] INFO perfrun.perfcollector <> - hwInfo: PERF_CBOX_PMU_DETAILS
1112 [139918802151104] INFO perfrun.perfcollector <> - pmu caps: raw,format
1112 [139918802151104] INFO perfrun.perfcollector <> - pmu added: uncore_cbox, idx: 1
1112 [139918802151104] INFO perfrun.perfcollector <> - Perf tool path: /opt/intel/oneapi/vtune/2026.0/bin64/amplxe-perf
1112 [139918802151104] INFO perfrun.perfcollector <> - Data directory: /home/lieunoir/rust/mesh_parsers/parser/r001hs/data.0
1112 [139918802151104] INFO perfrun.perfcollector <> - Temp directory: /tmp/amplxe-tmp-lieunoir
1112 [139918802151104] INFO perfrun.perfcollector <> - Perf sync path: /opt/intel/oneapi/vtune/2026.0/bin64/amplxe-perf-sync
1112 [139918802151104] INFO perfrun.perfcollector <> - Hypervisor = None
1112 [139918802151104] INFO perfrun.perfcollector <> - Ignore sample after value: 0
1112 [139918802151104] INFO perfrun.perfcollector <> - Counter read interval: 10
1112 [139918802151104] INFO perfrun.perfcollector <> - Counting mode is requested
1112 [139918802151104] INFO perfrun.perfcollector <> - Sampling mode is requested
1112 [139918802151104] INFO perfrun.perfcollector <> - Compression level: 1
1112 [139918802151104] INFO perfrun.perfcollector <> - Perf threads mode: CPU
1112 [139918802151104] INFO perfrun.perfcollector <> - Perf sync mode is disabled
1112 [139918802151104] INFO perfrun.perfcollector <> - No MPI detected
1112 [139918802151104] WARN perfrun.launcher <> - Messenger::say: To profile kernel modules during the session, make sure they are available in the /lib/modules/kernel_version/ location.
1112 [139918802151104] INFO perfrun.perfcollector <> - Sample after multiplier: 1
1112 [139918802151104] INFO perfrun.sdk <> - runCmd: /opt/intel/oneapi/vtune/2026.0/bin64/sep -dry-run -sam 1 -ec CPU_CLK_UNHALTED.THREAD:sa=2600000,CPU_CLK_UNHALTED.REF_TSC:sample:sa=2600000,INST_RETIRED.ANY:sample:sa=2600000,CPU_CLK_UNHALTED.DISTRIBUTED:sa=2600000,TOPDOWN.SLOTS:sample:sa=2000003,UOPS_RETIRED.SLOTS:sample:sa=2000003,TOPDOWN.SLOTS_P:sample:sa=2000003,FP_ARITH_INST_RETIRED.SCALAR_SINGLE:sa=2000003,FP_ARITH_INST_RETIRED.128B_PACKED_SINGLE:sa=2000003,FP_ARITH_INST_RETIRED.256B_PACKED_SINGLE:sa=2000003,FP_ARITH_INST_RETIRED.SCALAR_DOUBLE:sa=2000003,FP_ARITH_INST_RETIRED.128B_PACKED_DOUBLE:sa=2000003,FP_ARITH_INST_RETIRED.256B_PACKED_DOUBLE:sa=2000003,UOPS_EXECUTED.X87:sa=2000003,UOPS_EXECUTED.THREAD:sa=2000003,FP_ARITH_INST_RETIRED.512B_PACKED_DOUBLE:sa=2000003,FP_ARITH_INST_RETIRED.512B_PACKED_SINGLE:sa=2000003 -experimental
1113 [139918802151104] INFO perfrun.sdk <> - runCmd started PID 210588
1120 [139918802151104] INFO perfrun.perfcollector <> - SepDryRun RC = true
1120 [139918802151104] INFO perfrun.perfcollector <> - Loading SEP event configuration
1120 [139918802151104] INFO perfrun.perfcollector <> - pmu: cpu
1120 [139918802151104] INFO perfrun.perfcollector <> - group_id: 0
1120 [139918802151104] INFO perfrun.perfcollector <> - event_id: 2: INST_RETIRED.ANY
1120 [139918802151104] INFO perfrun.perfcollector <> - event_id: 0: CPU_CLK_UNHALTED.THREAD
1120 [139918802151104] INFO perfrun.perfcollector <> - event_id: 1: CPU_CLK_UNHALTED.REF_TSC
1120 [139918802151104] INFO perfrun.perfcollector <> - event_id: 4: TOPDOWN.SLOTS
1120 [139918802151104] INFO perfrun.perfcollector <> - event_id: 3: CPU_CLK_UNHALTED.DISTRIBUTED
1120 [139918802151104] INFO perfrun.perfcollector <> - event_id: 5: UOPS_RETIRED.SLOTS
1120 [139918802151104] INFO perfrun.perfcollector <> - event_id: 6: TOPDOWN.SLOTS_P
1120 [139918802151104] INFO perfrun.perfcollector <> - event_id: 7: FP_ARITH_INST_RETIRED.SCALAR_SINGLE
1120 [139918802151104] INFO perfrun.perfcollector <> - event_id: 8: FP_ARITH_INST_RETIRED.128B_PACKED_SINGLE
1120 [139918802151104] INFO perfrun.perfcollector <> - event_id: 9: FP_ARITH_INST_RETIRED.256B_PACKED_SINGLE
1120 [139918802151104] INFO perfrun.perfcollector <> - event_id: 10: FP_ARITH_INST_RETIRED.SCALAR_DOUBLE
1120 [139918802151104] INFO perfrun.perfcollector <> - event_id: 11: FP_ARITH_INST_RETIRED.128B_PACKED_DOUBLE
1120 [139918802151104] INFO perfrun.perfcollector <> - group_id: 0: pebs_enable: addr: 3f1, value: f000000ff
1120 [139918802151104] INFO perfrun.perfcollector <> - event_id: 3: cccr: addr: 186, value: 4302ec
1120 [139918802151104] INFO perfrun.perfcollector <> - event_id: 5: cccr: addr: 187, value: 4302c2
1120 [139918802151104] INFO perfrun.perfcollector <> - event_id: 6: cccr: addr: 188, value: 4301a4
1120 [139918802151104] INFO perfrun.perfcollector <> - event_id: 7: cccr: addr: 189, value: 4302c7
1120 [139918802151104] INFO perfrun.perfcollector <> - event_id: 8: cccr: addr: 18a, value: 4308c7
1120 [139918802151104] INFO perfrun.perfcollector <> - event_id: 9: cccr: addr: 18b, value: 4320c7
1120 [139918802151104] INFO perfrun.perfcollector <> - event_id: 10: cccr: addr: 18c, value: 4301c7
1120 [139918802151104] INFO perfrun.perfcollector <> - event_id: 11: cccr: addr: 18d, value: 4304c7
1120 [139918802151104] INFO perfrun.perfcollector <> - event_id: 2: data: addr: 309, value: ffffffffffd853c0
1120 [139918802151104] INFO perfrun.perfcollector <> - event_id: 0: data: addr: 30a, value: ffffffffffd853c0
1120 [139918802151104] INFO perfrun.perfcollector <> - event_id: 1: data: addr: 30b, value: ffffffffffd853c0
1120 [139918802151104] INFO perfrun.perfcollector <> - event_id: 4: data: addr: 30c, value: ffffffffffe17b7d
1120 [139918802151104] INFO perfrun.perfcollector <> - event_id: 3: data: addr: c1, value: ffffffffffd853c0
1120 [139918802151104] INFO perfrun.perfcollector <> - event_id: 5: data: addr: c2, value: ffffffffffe17b7d
1120 [139918802151104] INFO perfrun.perfcollector <> - event_id: 6: data: addr: c3, value: ffffffffffe17b7d
1121 [139918802151104] INFO perfrun.perfcollector <> - event_id: 7: data: addr: c4, value: ffffffffffe17b7d
1121 [139918802151104] INFO perfrun.perfcollector <> - event_id: 8: data: addr: c5, value: ffffffffffe17b7d
1121 [139918802151104] INFO perfrun.perfcollector <> - event_id: 9: data: addr: c6, value: ffffffffffe17b7d
1121 [139918802151104] INFO perfrun.perfcollector <> - event_id: 10: data: addr: c7, value: ffffffffffe17b7d
1121 [139918802151104] INFO perfrun.perfcollector <> - event_id: 11: data: addr: c8, value: ffffffffffe17b7d
1121 [139918802151104] INFO perfrun.perfcollector <> - group_id: 1
1121 [139918802151104] INFO perfrun.perfcollector <> - event_id: 2: INST_RETIRED.ANY
1121 [139918802151104] INFO perfrun.perfcollector <> - event_id: 0: CPU_CLK_UNHALTED.THREAD
1121 [139918802151104] INFO perfrun.perfcollector <> - event_id: 1: CPU_CLK_UNHALTED.REF_TSC
1121 [139918802151104] INFO perfrun.perfcollector <> - event_id: 4: TOPDOWN.SLOTS
1121 [139918802151104] INFO perfrun.perfcollector <> - event_id: 12: FP_ARITH_INST_RETIRED.256B_PACKED_DOUBLE
1121 [139918802151104] INFO perfrun.perfcollector <> - event_id: 13: UOPS_EXECUTED.X87
1121 [139918802151104] INFO perfrun.perfcollector <> - event_id: 14: UOPS_EXECUTED.THREAD
1121 [139918802151104] INFO perfrun.perfcollector <> - event_id: 15: FP_ARITH_INST_RETIRED.512B_PACKED_DOUBLE
1121 [139918802151104] INFO perfrun.perfcollector <> - event_id: 16: FP_ARITH_INST_RETIRED.512B_PACKED_SINGLE
1121 [139918802151104] INFO perfrun.perfcollector <> - group_id: 1: pebs_enable: addr: 3f1, value: f0000001f
1121 [139918802151104] INFO perfrun.perfcollector <> - event_id: 12: cccr: addr: 186, value: 4310c7
1121 [139918802151104] INFO perfrun.perfcollector <> - event_id: 13: cccr: addr: 187, value: 4310b1
1121 [139918802151104] INFO perfrun.perfcollector <> - event_id: 14: cccr: addr: 188, value: 4301b1
1121 [139918802151104] INFO perfrun.perfcollector <> - event_id: 15: cccr: addr: 189, value: 4340c7
1121 [139918802151104] INFO perfrun.perfcollector <> - event_id: 16: cccr: addr: 18a, value: 4380c7
1121 [139918802151104] INFO perfrun.perfcollector <> - event_id: 2: data: addr: 309, value: ffffffffffd853c0
1121 [139918802151104] INFO perfrun.perfcollector <> - event_id: 0: data: addr: 30a, value: ffffffffffd853c0
1121 [139918802151104] INFO perfrun.perfcollector <> - event_id: 1: data: addr: 30b, value: ffffffffffd853c0
1121 [139918802151104] INFO perfrun.perfcollector <> - event_id: 4: data: addr: 30c, value: ffffffffffe17b7d
1121 [139918802151104] INFO perfrun.perfcollector <> - event_id: 12: data: addr: c1, value: ffffffffffe17b7d
1121 [139918802151104] INFO perfrun.perfcollector <> - event_id: 13: data: addr: c2, value: ffffffffffe17b7d
1121 [139918802151104] INFO perfrun.perfcollector <> - event_id: 14: data: addr: c3, value: ffffffffffe17b7d
1121 [139918802151104] INFO perfrun.perfcollector <> - event_id: 15: data: addr: c4, value: ffffffffffe17b7d
1121 [139918802151104] INFO perfrun.perfcollector <> - event_id: 16: data: addr: c5, value: ffffffffffe17b7d
1121 [139918802151104] INFO perfrun.perfcollector <> - Converting events to Perf format
1121 [139918802151104] INFO perfrun.perfcollector <> - event: 2: INST_RETIRED.ANY
1121 [139918802151104] INFO perfrun.perfcollector <> - cccr: addr: ffffffff, value: 0
1121 [139918802151104] INFO perfrun.perfcollector <> - data: addr: 309, value: ffffffffffd853c0
1121 [139918802151104] INFO perfrun.perfcollector <> - pebs_enable: f0000001f
1121 [139918802151104] INFO perfrun.perfcollector <> - pmu config: cpu
1121 [139918802151104] INFO perfrun.perfcollector <> - config: cmask: 0
1121 [139918802151104] INFO perfrun.perfcollector <> - config: edge: 0
1121 [139918802151104] INFO perfrun.perfcollector <> - config: event: c0
1121 [139918802151104] INFO perfrun.perfcollector <> - config1: frontend: 0
1121 [139918802151104] INFO perfrun.perfcollector <> - config: inv: 0
1121 [139918802151104] INFO perfrun.perfcollector <> - config1: ldlat: 0
1121 [139918802151104] INFO perfrun.perfcollector <> - config1: offcore_rsp: 0
1121 [139918802151104] INFO perfrun.perfcollector <> - config: pc: 0
1121 [139918802151104] INFO perfrun.perfcollector <> - config: umask: 0
1121 [139918802151104] INFO perfrun.perfcollector <> - format: cpu/period=2600000,event=0xc0,name='INST_RETIRED.ANY'/D
1121 [139918802151104] INFO perfrun.perfcollector <> - precise event: extended pebs bit is enabled
1121 [139918802151104] INFO perfrun.perfcollector <> - event: 0: CPU_CLK_UNHALTED.THREAD
1121 [139918802151104] INFO perfrun.perfcollector <> - cccr: addr: ffffffff, value: 0
1121 [139918802151104] INFO perfrun.perfcollector <> - data: addr: 30a, value: ffffffffffd853c0
1121 [139918802151104] INFO perfrun.perfcollector <> - pebs_enable: f0000001f
1121 [139918802151104] INFO perfrun.perfcollector <> - pmu config: cpu
1121 [139918802151104] INFO perfrun.perfcollector <> - config: cmask: 0
1121 [139918802151104] INFO perfrun.perfcollector <> - config: edge: 0
1121 [139918802151104] INFO perfrun.perfcollector <> - config: event: 3c
1121 [139918802151104] INFO perfrun.perfcollector <> - config1: frontend: 0
1121 [139918802151104] INFO perfrun.perfcollector <> - config: inv: 0
1121 [139918802151104] INFO perfrun.perfcollector <> - config1: ldlat: 0
1121 [139918802151104] INFO perfrun.perfcollector <> - config1: offcore_rsp: 0
1121 [139918802151104] INFO perfrun.perfcollector <> - config: pc: 0
1121 [139918802151104] INFO perfrun.perfcollector <> - config: umask: 0
1121 [139918802151104] INFO perfrun.perfcollector <> - format: cpu/period=2600000,event=0x3c,name='CPU_CLK_UNHALTED.THREAD'/D
1121 [139918802151104] INFO perfrun.perfcollector <> - precise event: extended pebs bit is enabled
1121 [139918802151104] INFO perfrun.perfcollector <> - event: 1: CPU_CLK_UNHALTED.REF_TSC
1121 [139918802151104] INFO perfrun.perfcollector <> - cccr: addr: ffffffff, value: 0
1121 [139918802151104] INFO perfrun.perfcollector <> - data: addr: 30b, value: ffffffffffd853c0
1121 [139918802151104] INFO perfrun.perfcollector <> - pebs_enable: f0000001f
1121 [139918802151104] INFO perfrun.perfcollector <> - pmu config: cpu
1121 [139918802151104] INFO perfrun.perfcollector <> - config: cmask: 0
1121 [139918802151104] INFO perfrun.perfcollector <> - config: edge: 0
1121 [139918802151104] INFO perfrun.perfcollector <> - config: event: 0
1121 [139918802151104] INFO perfrun.perfcollector <> - config1: frontend: 0
1121 [139918802151104] INFO perfrun.perfcollector <> - config: inv: 0
1121 [139918802151104] INFO perfrun.perfcollector <> - config1: ldlat: 0
1121 [139918802151104] INFO perfrun.perfcollector <> - config1: offcore_rsp: 0
1121 [139918802151104] INFO perfrun.perfcollector <> - config: pc: 0
1121 [139918802151104] INFO perfrun.perfcollector <> - config: umask: 3
1121 [139918802151104] INFO perfrun.perfcollector <> - format: cpu/period=2600000,umask=0x3,name='CPU_CLK_UNHALTED.REF_TSC'/D
1121 [139918802151104] INFO perfrun.perfcollector <> - precise event: extended pebs bit is enabled
1121 [139918802151104] INFO perfrun.perfcollector <> - event: 4: TOPDOWN.SLOTS
1121 [139918802151104] INFO perfrun.perfcollector <> - cccr: addr: ffffffff, value: 0
1121 [139918802151104] INFO perfrun.perfcollector <> - data: addr: 30c, value: ffffffffffe17b7d
1121 [139918802151104] INFO perfrun.perfcollector <> - pebs_enable: f0000001f
1121 [139918802151104] INFO perfrun.perfcollector <> - pmu config: cpu
1121 [139918802151104] INFO perfrun.perfcollector <> - config: cmask: 0
1121 [139918802151104] INFO perfrun.perfcollector <> - config: edge: 0
1121 [139918802151104] INFO perfrun.perfcollector <> - config: event: 0
1121 [139918802151104] INFO perfrun.perfcollector <> - config1: frontend: 0
1121 [139918802151104] INFO perfrun.perfcollector <> - config: inv: 0
1121 [139918802151104] INFO perfrun.perfcollector <> - config1: ldlat: 0
1121 [139918802151104] INFO perfrun.perfcollector <> - config1: offcore_rsp: 0
1121 [139918802151104] INFO perfrun.perfcollector <> - config: pc: 0
1121 [139918802151104] INFO perfrun.perfcollector <> - config: umask: 4
1121 [139918802151104] INFO perfrun.perfcollector <> - format: cpu/period=2000003,umask=0x4,name='TOPDOWN.SLOTS'/D
1121 [139918802151104] INFO perfrun.perfcollector <> - precise event: extended pebs bit is enabled
1121 [139918802151104] INFO perfrun.perfcollector <> - event: 3: CPU_CLK_UNHALTED.DISTRIBUTED
1121 [139918802151104] INFO perfrun.perfcollector <> - cccr: addr: 186, value: 4302ec
1121 [139918802151104] INFO perfrun.perfcollector <> - data: addr: c1, value: ffffffffffd853c0
1121 [139918802151104] INFO perfrun.perfcollector <> - pebs_enable: f000000ff
1121 [139918802151104] INFO perfrun.perfcollector <> - pmu config: cpu
1121 [139918802151104] INFO perfrun.perfcollector <> - config: cmask: 0
1121 [139918802151104] INFO perfrun.perfcollector <> - config: edge: 0
1121 [139918802151104] INFO perfrun.perfcollector <> - config: event: ec
1121 [139918802151104] INFO perfrun.perfcollector <> - config1: frontend: 0
1121 [139918802151104] INFO perfrun.perfcollector <> - config: inv: 0
1121 [139918802151104] INFO perfrun.perfcollector <> - config1: ldlat: 0
1121 [139918802151104] INFO perfrun.perfcollector <> - config1: offcore_rsp: 0
1121 [139918802151104] INFO perfrun.perfcollector <> - config: pc: 0
1121 [139918802151104] INFO perfrun.perfcollector <> - config: umask: 2
1121 [139918802151104] INFO perfrun.perfcollector <> - format: cpu/period=2600000,event=0xec,umask=0x2,name='CPU_CLK_UNHALTED.DISTRIBUTED'/
1121 [139918802151104] INFO perfrun.perfcollector <> - precise event: event selector has no imprecise bit
1121 [139918802151104] INFO perfrun.perfcollector <> - event: 5: UOPS_RETIRED.SLOTS
1121 [139918802151104] INFO perfrun.perfcollector <> - cccr: addr: 187, value: 4302c2
1121 [139918802151104] INFO perfrun.perfcollector <> - data: addr: c2, value: ffffffffffe17b7d
1121 [139918802151104] INFO perfrun.perfcollector <> - pebs_enable: f000000ff
1121 [139918802151104] INFO perfrun.perfcollector <> - pmu config: cpu
1121 [139918802151104] INFO perfrun.perfcollector <> - config: cmask: 0
1121 [139918802151104] INFO perfrun.perfcollector <> - config: edge: 0
1121 [139918802151104] INFO perfrun.perfcollector <> - config: event: c2
1121 [139918802151104] INFO perfrun.perfcollector <> - config1: frontend: 0
1121 [139918802151104] INFO perfrun.perfcollector <> - config: inv: 0
1121 [139918802151104] INFO perfrun.perfcollector <> - config1: ldlat: 0
1121 [139918802151104] INFO perfrun.perfcollector <> - config1: offcore_rsp: 0
1121 [139918802151104] INFO perfrun.perfcollector <> - config: pc: 0
1121 [139918802151104] INFO perfrun.perfcollector <> - config: umask: 2
1121 [139918802151104] INFO perfrun.perfcollector <> - format: cpu/period=2000003,event=0xc2,umask=0x2,name='UOPS_RETIRED.SLOTS'/
1121 [139918802151104] INFO perfrun.perfcollector <> - precise event: event selector has no imprecise bit
1121 [139918802151104] INFO perfrun.perfcollector <> - event: 6: TOPDOWN.SLOTS_P
1121 [139918802151104] INFO perfrun.perfcollector <> - cccr: addr: 188, value: 4301a4
1121 [139918802151104] INFO perfrun.perfcollector <> - data: addr: c3, value: ffffffffffe17b7d
1121 [139918802151104] INFO perfrun.perfcollector <> - pebs_enable: f000000ff
1121 [139918802151104] INFO perfrun.perfcollector <> - pmu config: cpu
1121 [139918802151104] INFO perfrun.perfcollector <> - config: cmask: 0
1121 [139918802151104] INFO perfrun.perfcollector <> - config: edge: 0
1121 [139918802151104] INFO perfrun.perfcollector <> - config: event: a4
1121 [139918802151104] INFO perfrun.perfcollector <> - config1: frontend: 0
1121 [139918802151104] INFO perfrun.perfcollector <> - config: inv: 0
1121 [139918802151104] INFO perfrun.perfcollector <> - config1: ldlat: 0
1121 [139918802151104] INFO perfrun.perfcollector <> - config1: offcore_rsp: 0
1121 [139918802151104] INFO perfrun.perfcollector <> - config: pc: 0
1121 [139918802151104] INFO perfrun.perfcollector <> - config: umask: 1
1121 [139918802151104] INFO perfrun.perfcollector <> - format: cpu/period=2000003,event=0xa4,umask=0x1,name='TOPDOWN.SLOTS_P'/
1121 [139918802151104] INFO perfrun.perfcollector <> - precise event: event selector has no imprecise bit
1121 [139918802151104] INFO perfrun.perfcollector <> - event: 7: FP_ARITH_INST_RETIRED.SCALAR_SINGLE
1121 [139918802151104] INFO perfrun.perfcollector <> - cccr: addr: 189, value: 4302c7
1121 [139918802151104] INFO perfrun.perfcollector <> - data: addr: c4, value: ffffffffffe17b7d
1121 [139918802151104] INFO perfrun.perfcollector <> - pebs_enable: f000000ff
1121 [139918802151104] INFO perfrun.perfcollector <> - pmu config: cpu
1121 [139918802151104] INFO perfrun.perfcollector <> - config: cmask: 0
1121 [139918802151104] INFO perfrun.perfcollector <> - config: edge: 0
1121 [139918802151104] INFO perfrun.perfcollector <> - config: event: c7
1121 [139918802151104] INFO perfrun.perfcollector <> - config1: frontend: 0
1121 [139918802151104] INFO perfrun.perfcollector <> - config: inv: 0
1121 [139918802151104] INFO perfrun.perfcollector <> - config1: ldlat: 0
1121 [139918802151104] INFO perfrun.perfcollector <> - config1: offcore_rsp: 0
1121 [139918802151104] INFO perfrun.perfcollector <> - config: pc: 0
1121 [139918802151104] INFO perfrun.perfcollector <> - config: umask: 2
1121 [139918802151104] INFO perfrun.perfcollector <> - format: cpu/period=2000003,event=0xc7,umask=0x2,name='FP_ARITH_INST_RETIRED.SCALAR_SINGLE'/
1121 [139918802151104] INFO perfrun.perfcollector <> - precise event: event selector has no imprecise bit
1121 [139918802151104] INFO perfrun.perfcollector <> - event: 8: FP_ARITH_INST_RETIRED.128B_PACKED_SINGLE
1121 [139918802151104] INFO perfrun.perfcollector <> - cccr: addr: 18a, value: 4308c7
1121 [139918802151104] INFO perfrun.perfcollector <> - data: addr: c5, value: ffffffffffe17b7d
1121 [139918802151104] INFO perfrun.perfcollector <> - pebs_enable: f000000ff
1121 [139918802151104] INFO perfrun.perfcollector <> - pmu config: cpu
1121 [139918802151104] INFO perfrun.perfcollector <> - config: cmask: 0
1121 [139918802151104] INFO perfrun.perfcollector <> - config: edge: 0
1121 [139918802151104] INFO perfrun.perfcollector <> - config: event: c7
1121 [139918802151104] INFO perfrun.perfcollector <> - config1: frontend: 0
1121 [139918802151104] INFO perfrun.perfcollector <> - config: inv: 0
1121 [139918802151104] INFO perfrun.perfcollector <> - config1: ldlat: 0
1121 [139918802151104] INFO perfrun.perfcollector <> - config1: offcore_rsp: 0
1121 [139918802151104] INFO perfrun.perfcollector <> - config: pc: 0
1121 [139918802151104] INFO perfrun.perfcollector <> - config: umask: 8
1121 [139918802151104] INFO perfrun.perfcollector <> - format: cpu/period=2000003,event=0xc7,umask=0x8,name='FP_ARITH_INST_RETIRED.128B_PACKED_SINGLE'/
1121 [139918802151104] INFO perfrun.perfcollector <> - precise event: event selector has no imprecise bit
1121 [139918802151104] INFO perfrun.perfcollector <> - event: 9: FP_ARITH_INST_RETIRED.256B_PACKED_SINGLE
1121 [139918802151104] INFO perfrun.perfcollector <> - cccr: addr: 18b, value: 4320c7
1121 [139918802151104] INFO perfrun.perfcollector <> - data: addr: c6, value: ffffffffffe17b7d
1121 [139918802151104] INFO perfrun.perfcollector <> - pebs_enable: f000000ff
1121 [139918802151104] INFO perfrun.perfcollector <> - pmu config: cpu
1121 [139918802151104] INFO perfrun.perfcollector <> - config: cmask: 0
1121 [139918802151104] INFO perfrun.perfcollector <> - config: edge: 0
1121 [139918802151104] INFO perfrun.perfcollector <> - config: event: c7
1121 [139918802151104] INFO perfrun.perfcollector <> - config1: frontend: 0
1121 [139918802151104] INFO perfrun.perfcollector <> - config: inv: 0
1121 [139918802151104] INFO perfrun.perfcollector <> - config1: ldlat: 0
1121 [139918802151104] INFO perfrun.perfcollector <> - config1: offcore_rsp: 0
1121 [139918802151104] INFO perfrun.perfcollector <> - config: pc: 0
1121 [139918802151104] INFO perfrun.perfcollector <> - config: umask: 20
1121 [139918802151104] INFO perfrun.perfcollector <> - format: cpu/period=2000003,event=0xc7,umask=0x20,name='FP_ARITH_INST_RETIRED.256B_PACKED_SINGLE'/
1121 [139918802151104] INFO perfrun.perfcollector <> - precise event: event selector has no imprecise bit
1121 [139918802151104] INFO perfrun.perfcollector <> - event: 10: FP_ARITH_INST_RETIRED.SCALAR_DOUBLE
1121 [139918802151104] INFO perfrun.perfcollector <> - cccr: addr: 18c, value: 4301c7
1121 [139918802151104] INFO perfrun.perfcollector <> - data: addr: c7, value: ffffffffffe17b7d
1121 [139918802151104] INFO perfrun.perfcollector <> - pebs_enable: f000000ff
1121 [139918802151104] INFO perfrun.perfcollector <> - pmu config: cpu
1121 [139918802151104] INFO perfrun.perfcollector <> - config: cmask: 0
1121 [139918802151104] INFO perfrun.perfcollector <> - config: edge: 0
1121 [139918802151104] INFO perfrun.perfcollector <> - config: event: c7
1121 [139918802151104] INFO perfrun.perfcollector <> - config1: frontend: 0
1121 [139918802151104] INFO perfrun.perfcollector <> - config: inv: 0
1121 [139918802151104] INFO perfrun.perfcollector <> - config1: ldlat: 0
1121 [139918802151104] INFO perfrun.perfcollector <> - config1: offcore_rsp: 0
1121 [139918802151104] INFO perfrun.perfcollector <> - config: pc: 0
1121 [139918802151104] INFO perfrun.perfcollector <> - config: umask: 1
1121 [139918802151104] INFO perfrun.perfcollector <> - format: cpu/period=2000003,event=0xc7,umask=0x1,name='FP_ARITH_INST_RETIRED.SCALAR_DOUBLE'/
1121 [139918802151104] INFO perfrun.perfcollector <> - precise event: event selector has no imprecise bit
1121 [139918802151104] INFO perfrun.perfcollector <> - event: 11: FP_ARITH_INST_RETIRED.128B_PACKED_DOUBLE
1121 [139918802151104] INFO perfrun.perfcollector <> - cccr: addr: 18d, value: 4304c7
1121 [139918802151104] INFO perfrun.perfcollector <> - data: addr: c8, value: ffffffffffe17b7d
1121 [139918802151104] INFO perfrun.perfcollector <> - pebs_enable: f000000ff
1121 [139918802151104] INFO perfrun.perfcollector <> - pmu config: cpu
1121 [139918802151104] INFO perfrun.perfcollector <> - config: cmask: 0
1121 [139918802151104] INFO perfrun.perfcollector <> - config: edge: 0
1121 [139918802151104] INFO perfrun.perfcollector <> - config: event: c7
1121 [139918802151104] INFO perfrun.perfcollector <> - config1: frontend: 0
1121 [139918802151104] INFO perfrun.perfcollector <> - config: inv: 0
1121 [139918802151104] INFO perfrun.perfcollector <> - config1: ldlat: 0
1121 [139918802151104] INFO perfrun.perfcollector <> - config1: offcore_rsp: 0
1121 [139918802151104] INFO perfrun.perfcollector <> - config: pc: 0
1121 [139918802151104] INFO perfrun.perfcollector <> - config: umask: 4
1121 [139918802151104] INFO perfrun.perfcollector <> - format: cpu/period=2000003,event=0xc7,umask=0x4,name='FP_ARITH_INST_RETIRED.128B_PACKED_DOUBLE'/
1121 [139918802151104] INFO perfrun.perfcollector <> - precise event: event selector has no imprecise bit
1121 [139918802151104] INFO perfrun.perfcollector <> - event: 12: FP_ARITH_INST_RETIRED.256B_PACKED_DOUBLE
1121 [139918802151104] INFO perfrun.perfcollector <> - cccr: addr: 186, value: 4310c7
1121 [139918802151104] INFO perfrun.perfcollector <> - data: addr: c1, value: ffffffffffe17b7d
1121 [139918802151104] INFO perfrun.perfcollector <> - pebs_enable: f0000001f
1121 [139918802151104] INFO perfrun.perfcollector <> - pmu config: cpu
1121 [139918802151104] INFO perfrun.perfcollector <> - config: cmask: 0
1121 [139918802151104] INFO perfrun.perfcollector <> - config: edge: 0
1121 [139918802151104] INFO perfrun.perfcollector <> - config: event: c7
1121 [139918802151104] INFO perfrun.perfcollector <> - config1: frontend: 0
1121 [139918802151104] INFO perfrun.perfcollector <> - config: inv: 0
1121 [139918802151104] INFO perfrun.perfcollector <> - config1: ldlat: 0
1121 [139918802151104] INFO perfrun.perfcollector <> - config1: offcore_rsp: 0
1121 [139918802151104] INFO perfrun.perfcollector <> - config: pc: 0
1121 [139918802151104] INFO perfrun.perfcollector <> - config: umask: 10
1121 [139918802151104] INFO perfrun.perfcollector <> - format: cpu/period=2000003,event=0xc7,umask=0x10,name='FP_ARITH_INST_RETIRED.256B_PACKED_DOUBLE'/
1121 [139918802151104] INFO perfrun.perfcollector <> - precise event: event selector has no imprecise bit
1121 [139918802151104] INFO perfrun.perfcollector <> - event: 13: UOPS_EXECUTED.X87
1121 [139918802151104] INFO perfrun.perfcollector <> - cccr: addr: 187, value: 4310b1
1121 [139918802151104] INFO perfrun.perfcollector <> - data: addr: c2, value: ffffffffffe17b7d
1121 [139918802151104] INFO perfrun.perfcollector <> - pebs_enable: f0000001f
1121 [139918802151104] INFO perfrun.perfcollector <> - pmu config: cpu
1121 [139918802151104] INFO perfrun.perfcollector <> - config: cmask: 0
1121 [139918802151104] INFO perfrun.perfcollector <> - config: edge: 0
1121 [139918802151104] INFO perfrun.perfcollector <> - config: event: b1
1121 [139918802151104] INFO perfrun.perfcollector <> - config1: frontend: 0
1121 [139918802151104] INFO perfrun.perfcollector <> - config: inv: 0
1121 [139918802151104] INFO perfrun.perfcollector <> - config1: ldlat: 0
1121 [139918802151104] INFO perfrun.perfcollector <> - config1: offcore_rsp: 0
1121 [139918802151104] INFO perfrun.perfcollector <> - config: pc: 0
1121 [139918802151104] INFO perfrun.perfcollector <> - config: umask: 10
1121 [139918802151104] INFO perfrun.perfcollector <> - format: cpu/period=2000003,event=0xb1,umask=0x10,name='UOPS_EXECUTED.X87'/
1121 [139918802151104] INFO perfrun.perfcollector <> - precise event: event selector has no imprecise bit
1121 [139918802151104] INFO perfrun.perfcollector <> - event: 14: UOPS_EXECUTED.THREAD
1121 [139918802151104] INFO perfrun.perfcollector <> - cccr: addr: 188, value: 4301b1
1121 [139918802151104] INFO perfrun.perfcollector <> - data: addr: c3, value: ffffffffffe17b7d
1121 [139918802151104] INFO perfrun.perfcollector <> - pebs_enable: f0000001f
1121 [139918802151104] INFO perfrun.perfcollector <> - pmu config: cpu
1121 [139918802151104] INFO perfrun.perfcollector <> - config: cmask: 0
1121 [139918802151104] INFO perfrun.perfcollector <> - config: edge: 0
1121 [139918802151104] INFO perfrun.perfcollector <> - config: event: b1
1121 [139918802151104] INFO perfrun.perfcollector <> - config1: frontend: 0
1121 [139918802151104] INFO perfrun.perfcollector <> - config: inv: 0
1121 [139918802151104] INFO perfrun.perfcollector <> - config1: ldlat: 0
1121 [139918802151104] INFO perfrun.perfcollector <> - config1: offcore_rsp: 0
1121 [139918802151104] INFO perfrun.perfcollector <> - config: pc: 0
1121 [139918802151104] INFO perfrun.perfcollector <> - config: umask: 1
1121 [139918802151104] INFO perfrun.perfcollector <> - format: cpu/period=2000003,event=0xb1,umask=0x1,name='UOPS_EXECUTED.THREAD'/
1121 [139918802151104] INFO perfrun.perfcollector <> - precise event: event selector has no imprecise bit
1121 [139918802151104] INFO perfrun.perfcollector <> - event: 15: FP_ARITH_INST_RETIRED.512B_PACKED_DOUBLE
1121 [139918802151104] INFO perfrun.perfcollector <> - cccr: addr: 189, value: 4340c7
1121 [139918802151104] INFO perfrun.perfcollector <> - data: addr: c4, value: ffffffffffe17b7d
1121 [139918802151104] INFO perfrun.perfcollector <> - pebs_enable: f0000001f
1121 [139918802151104] INFO perfrun.perfcollector <> - pmu config: cpu
1121 [139918802151104] INFO perfrun.perfcollector <> - config: cmask: 0
1121 [139918802151104] INFO perfrun.perfcollector <> - config: edge: 0
1121 [139918802151104] INFO perfrun.perfcollector <> - config: event: c7
1121 [139918802151104] INFO perfrun.perfcollector <> - config1: frontend: 0
1121 [139918802151104] INFO perfrun.perfcollector <> - config: inv: 0
1121 [139918802151104] INFO perfrun.perfcollector <> - config1: ldlat: 0
1121 [139918802151104] INFO perfrun.perfcollector <> - config1: offcore_rsp: 0
1121 [139918802151104] INFO perfrun.perfcollector <> - config: pc: 0
1121 [139918802151104] INFO perfrun.perfcollector <> - config: umask: 40
1121 [139918802151104] INFO perfrun.perfcollector <> - format: cpu/period=2000003,event=0xc7,umask=0x40,name='FP_ARITH_INST_RETIRED.512B_PACKED_DOUBLE'/
1121 [139918802151104] INFO perfrun.perfcollector <> - precise event: event selector has no imprecise bit
1121 [139918802151104] INFO perfrun.perfcollector <> - event: 16: FP_ARITH_INST_RETIRED.512B_PACKED_SINGLE
1121 [139918802151104] INFO perfrun.perfcollector <> - cccr: addr: 18a, value: 4380c7
1121 [139918802151104] INFO perfrun.perfcollector <> - data: addr: c5, value: ffffffffffe17b7d
1121 [139918802151104] INFO perfrun.perfcollector <> - pebs_enable: f0000001f
1121 [139918802151104] INFO perfrun.perfcollector <> - pmu config: cpu
1121 [139918802151104] INFO perfrun.perfcollector <> - config: cmask: 0
1121 [139918802151104] INFO perfrun.perfcollector <> - config: edge: 0
1121 [139918802151104] INFO perfrun.perfcollector <> - config: event: c7
1121 [139918802151104] INFO perfrun.perfcollector <> - config1: frontend: 0
1121 [139918802151104] INFO perfrun.perfcollector <> - config: inv: 0
1121 [139918802151104] INFO perfrun.perfcollector <> - config1: ldlat: 0
1121 [139918802151104] INFO perfrun.perfcollector <> - config1: offcore_rsp: 0
1121 [139918802151104] INFO perfrun.perfcollector <> - config: pc: 0
1121 [139918802151104] INFO perfrun.perfcollector <> - config: umask: 80
1121 [139918802151104] INFO perfrun.perfcollector <> - format: cpu/period=2000003,event=0xc7,umask=0x80,name='FP_ARITH_INST_RETIRED.512B_PACKED_SINGLE'/
1121 [139918802151104] INFO perfrun.perfcollector <> - precise event: event selector has no imprecise bit
1121 [139918802151104] INFO perfrun.perfcollector <> - event: cpu/period=2600000,event=0xc0,name='INST_RETIRED.ANY'/Dupp, added for sampling
1121 [139918802151104] INFO perfrun.perfcollector <> - event: cpu/period=2600000,event=0x3c,name='CPU_CLK_UNHALTED.THREAD'/Dupp, added for sampling
1121 [139918802151104] INFO perfrun.perfcollector <> - event: cpu/period=2600000,umask=0x3,name='CPU_CLK_UNHALTED.REF_TSC'/Dupp, added for sampling
1121 [139918802151104] INFO perfrun.perfcollector <> - event: cpu/period=2000003,umask=0x4,name='TOPDOWN.SLOTS'/Dupp, added for sampling
1121 [139918802151104] INFO perfrun.perfcollector <> - event: cpu/period=2600000,event=0xec,umask=0x2,name='CPU_CLK_UNHALTED.DISTRIBUTED'/upp, added for sampling
1121 [139918802151104] INFO perfrun.perfcollector <> - event: cpu/period=2000003,event=0xc2,umask=0x2,name='UOPS_RETIRED.SLOTS'/upp, added for sampling
1121 [139918802151104] INFO perfrun.perfcollector <> - event: cpu/period=2000003,event=0xa4,umask=0x1,name='TOPDOWN.SLOTS_P'/upp, added for sampling
1121 [139918802151104] INFO perfrun.perfcollector <> - event: cpu/period=2000003,event=0xc7,umask=0x2,name='FP_ARITH_INST_RETIRED.SCALAR_SINGLE'/upp, added for sampling
1121 [139918802151104] INFO perfrun.perfcollector <> - event: cpu/period=2000003,event=0xc7,umask=0x8,name='FP_ARITH_INST_RETIRED.128B_PACKED_SINGLE'/upp, added for sampling
1121 [139918802151104] INFO perfrun.perfcollector <> - event: cpu/period=2000003,event=0xc7,umask=0x20,name='FP_ARITH_INST_RETIRED.256B_PACKED_SINGLE'/upp, added for sampling
1121 [139918802151104] INFO perfrun.perfcollector <> - event: cpu/period=2000003,event=0xc7,umask=0x1,name='FP_ARITH_INST_RETIRED.SCALAR_DOUBLE'/upp, added for sampling
1121 [139918802151104] INFO perfrun.perfcollector <> - event: cpu/period=2000003,event=0xc7,umask=0x4,name='FP_ARITH_INST_RETIRED.128B_PACKED_DOUBLE'/upp, added for sampling
1121 [139918802151104] INFO perfrun.perfcollector <> - event: cpu/period=2000003,event=0xc7,umask=0x10,name='FP_ARITH_INST_RETIRED.256B_PACKED_DOUBLE'/upp, added for sampling
1121 [139918802151104] INFO perfrun.perfcollector <> - event: cpu/period=2000003,event=0xb1,umask=0x10,name='UOPS_EXECUTED.X87'/upp, added for sampling
1121 [139918802151104] INFO perfrun.perfcollector <> - event: cpu/period=2000003,event=0xb1,umask=0x1,name='UOPS_EXECUTED.THREAD'/upp, added for sampling
1121 [139918802151104] INFO perfrun.perfcollector <> - event: cpu/period=2000003,event=0xc7,umask=0x40,name='FP_ARITH_INST_RETIRED.512B_PACKED_DOUBLE'/upp, added for sampling
1121 [139918802151104] INFO perfrun.perfcollector <> - event: cpu/period=2000003,event=0xc7,umask=0x80,name='FP_ARITH_INST_RETIRED.512B_PACKED_SINGLE'/upp, added for sampling
1121 [139918802151104] INFO perfrun.perfcollector <> - attaching to pid: 4294967295, m_mode: 30, mode: 3
1121 [139918793758400] INFO perfrun.sdk <> - runCmd: /opt/intel/oneapi/vtune/2026.0/bin64/amplxe-perf record -v -o /home/lieunoir/rust/mesh_parsers/parser/r001hs/data.0/temp.dryrun.perf -N -B -T --sample-cpu --compression-level=1 --clockid=CLOCK_MONOTONIC_RAW -e cpu/period=2600000,event=0xc0,name='INST_RETIRED.ANY'/Dupp,cpu/period=2600000,event=0x3c,name='CPU_CLK_UNHALTED.THREAD'/Dupp,cpu/period=2600000,umask=0x3,name='CPU_CLK_UNHALTED.REF_TSC'/Dupp,cpu/period=2000003,umask=0x4,name='TOPDOWN.SLOTS'/Dupp,cpu/period=2600000,event=0xec,umask=0x2,name='CPU_CLK_UNHALTED.DISTRIBUTED'/upp,cpu/period=2000003,event=0xc2,umask=0x2,name='UOPS_RETIRED.SLOTS'/upp,cpu/period=2000003,event=0xa4,umask=0x1,name='TOPDOWN.SLOTS_P'/upp,cpu/period=2000003,event=0xc7,umask=0x2,name='FP_ARITH_INST_RETIRED.SCALAR_SINGLE'/upp,cpu/period=2000003,event=0xc7,umask=0x8,name='FP_ARITH_INST_RETIRED.128B_PACKED_SINGLE'/upp,cpu/period=2000003,event=0xc7,umask=0x20,name='FP_ARITH_INST_RETIRED.256B_PACKED_SINGLE'/upp,cpu/period=2000003,event=0xc7,umask=0x1,name='FP_ARITH_INST_RETIRED.SCALAR_DOUBLE'/upp,cpu/period=2000003,event=0xc7,umask=0x4,name='FP_ARITH_INST_RETIRED.128B_PACKED_DOUBLE'/upp,cpu/period=2000003,event=0xc7,umask=0x10,name='FP_ARITH_INST_RETIRED.256B_PACKED_DOUBLE'/upp,cpu/period=2000003,event=0xb1,umask=0x10,name='UOPS_EXECUTED.X87'/upp,cpu/period=2000003,event=0xb1,umask=0x1,name='UOPS_EXECUTED.THREAD'/upp,cpu/period=2000003,event=0xc7,umask=0x40,name='FP_ARITH_INST_RETIRED.512B_PACKED_DOUBLE'/upp,cpu/period=2000003,event=0xc7,umask=0x80,name='FP_ARITH_INST_RETIRED.512B_PACKED_SINGLE'/upp /opt/intel/oneapi/vtune/2026.0/bin64/amplxe-perf-sync dryrun tsc
1122 [139918793758400] INFO perfrun.sdk <> - runCmd started PID 210590
1543 [139918793758400] INFO perfrun.perfcollector <> - Monitor: runCmd RC = true
1543 [139918802151104] INFO perfrun.perfcollector <> - attaching to pid: 4294967295, m_mode: 30, mode: 6
1543 [139918785365696] INFO perfrun.sdk <> - runCmd: /opt/intel/oneapi/vtune/2026.0/bin64/amplxe-perf record -v -o /home/lieunoir/rust/mesh_parsers/parser/r001hs/data.0/temp.dryrun.perf -N -B -T --sample-cpu -d --compression-level=1 --clockid=CLOCK_MONOTONIC_RAW -e cpu/period=2600000,event=0xc0,name='INST_RETIRED.ANY'/Dupp,cpu/period=2600000,event=0x3c,name='CPU_CLK_UNHALTED.THREAD'/Dupp,cpu/period=2600000,umask=0x3,name='CPU_CLK_UNHALTED.REF_TSC'/Dupp,cpu/period=2000003,umask=0x4,name='TOPDOWN.SLOTS'/Dupp,cpu/period=2600000,event=0xec,umask=0x2,name='CPU_CLK_UNHALTED.DISTRIBUTED'/upp,cpu/period=2000003,event=0xc2,umask=0x2,name='UOPS_RETIRED.SLOTS'/upp,cpu/period=2000003,event=0xa4,umask=0x1,name='TOPDOWN.SLOTS_P'/upp,cpu/period=2000003,event=0xc7,umask=0x2,name='FP_ARITH_INST_RETIRED.SCALAR_SINGLE'/upp,cpu/period=2000003,event=0xc7,umask=0x8,name='FP_ARITH_INST_RETIRED.128B_PACKED_SINGLE'/upp,cpu/period=2000003,event=0xc7,umask=0x20,name='FP_ARITH_INST_RETIRED.256B_PACKED_SINGLE'/upp,cpu/period=2000003,event=0xc7,umask=0x1,name='FP_ARITH_INST_RETIRED.SCALAR_DOUBLE'/upp,cpu/period=2000003,event=0xc7,umask=0x4,name='FP_ARITH_INST_RETIRED.128B_PACKED_DOUBLE'/upp,cpu/period=2000003,event=0xc7,umask=0x10,name='FP_ARITH_INST_RETIRED.256B_PACKED_DOUBLE'/upp,cpu/period=2000003,event=0xb1,umask=0x10,name='UOPS_EXECUTED.X87'/upp,cpu/period=2000003,event=0xb1,umask=0x1,name='UOPS_EXECUTED.THREAD'/upp,cpu/period=2000003,event=0xc7,umask=0x40,name='FP_ARITH_INST_RETIRED.512B_PACKED_DOUBLE'/upp,cpu/period=2000003,event=0xc7,umask=0x80,name='FP_ARITH_INST_RETIRED.512B_PACKED_SINGLE'/upp /opt/intel/oneapi/vtune/2026.0/bin64/amplxe-perf-sync dryrun tsc
1544 [139918785365696] INFO perfrun.sdk <> - runCmd started PID 210603
1836 [139918785365696] INFO perfrun.perfcollector <> - Monitor: runCmd RC = true
1836 [139918802151104] INFO perfrun.launcher <> - plugin [aoclprofile] was disabled because it doesn't support the given collection type.
1836 [139918802151104] INFO perfrun.tpss <> - initialize tpss controller
1836 [139918802151104] INFO perfrun.launcher <> - plugin [tpss] was disabled because it doesn't support the given collection type.
1836 [139918802151104] INFO perfrun.launcher <> - plugin [media] was disabled because it doesn't support the given collection type.
1836 [139918802151104] INFO perfrun.launcher <> - plugin [] was disabled because it doesn't support the given collection type.
1836 [139918802151104] INFO perfrun.launcher <> - plugin [] was disabled because it doesn't support the given collection type.
1836 [139918802151104] INFO perfrun.launcher <> - plugin [parallelfs] was disabled because it doesn't support the given collection type.
1836 [139918802151104] INFO perfrun.launcher <> - plugin [power] was disabled because it doesn't support the given collection type.
1836 [139918802151104] INFO perfrun.launcher <> - plugin [] was disabled because it doesn't support the given collection type.
1836 [139918802151104] INFO perfrun.launcher <> - plugin [] was disabled because it doesn't support the given collection type.
1836 [139918802151104] INFO perfrun.launcher <> - plugin [] was disabled because it doesn't support the given collection type.
1836 [139918802151104] INFO perfrun.launcher <> - plugin [l0_metrics] was disabled because it doesn't support the given collection type.
1836 [139918802151104] INFO perfrun.launcher <> - plugin [stall_reasons] was disabled because it doesn't support the given collection type.
1836 [139918962308288] INFO perfrun.launcher <> - set environment variable: LD_LIBRARY_PATH = /opt/intel/oneapi/vtune/2026.0/lib32/runtime:/opt/intel/oneapi/vtune/2026.0/lib64/runtime
1836 [139918962308288] INFO perfrun.launcher <> - set environment variable: INTEL_LIBITTNOTIFY32 = /opt/intel/oneapi/vtune/2026.0/lib32/runtime/libittnotify_collector.so
1836 [139918962308288] INFO perfrun.launcher <> - set environment variable: INTEL_LIBITTNOTIFY64 = /opt/intel/oneapi/vtune/2026.0/lib64/runtime/libittnotify_collector.so
1836 [139918962308288] INFO perfrun.launcher <> - set environment variable: INTEL_ITTNOTIFY_GROUPS = 
1836 [139918962308288] INFO perfrun.launcher <> - set environment variable: INTEL_JIT_PROFILER32 = /opt/intel/oneapi/vtune/2026.0/lib32/runtime/libittnotify_collector.so
1836 [139918962308288] INFO perfrun.launcher <> - set environment variable: INTEL_JIT_PROFILER64 = /opt/intel/oneapi/vtune/2026.0/lib64/runtime/libittnotify_collector.so
1836 [139918962308288] INFO perfrun.launcher <> - set environment variable: CCL_ITT_LEVEL = 1
1836 [139918962308288] INFO perfrun.launcher <> - set environment variable: ENABLE_JITPROFILING = 1
1836 [139918962308288] INFO perfrun.launcher <> - set environment variable: CL_CONFIG_USE_VTUNE = True
1836 [139918962308288] INFO perfrun.launcher <> - set environment variable: KMP_FORKJOIN_FRAMES = 0
1836 [139918962308288] INFO perfrun.launcher <> - set environment variable: KMP_FORKJOIN_FRAMES_MODE = 0
1836 [139918962308288] INFO perfrun.launcher <> - set environment variable: INTEL_MRTE_DATA_DIR = /home/lieunoir/rust/mesh_parsers/parser/r001hs/data.0
1836 [139918962308288] INFO perfrun.launcher <> - set environment variable: INTEL_MRTE_HOST_NAME = hirondelle
1836 [139918962308288] INFO perfrun.launcher <> - set environment variable: JAVA_TOOL_OPTIONS = -agentlib:amplxe_samplingmrte_javaprof_1.0 -Dsun.boot.library.path=/opt/intel/oneapi/vtune/2026.0/lib32/runtime:/opt/intel/oneapi/vtune/2026.0/lib64/runtime
1836 [139918962308288] INFO perfrun.launcher <> - set environment variable: LD_LIBRARY_PATH = /opt/intel/oneapi/vtune/2026.0/lib32/runtime:/opt/intel/oneapi/vtune/2026.0/lib64/runtime
1836 [139918962308288] INFO perfrun.launcher <> - set environment variable: CORECLR_ENABLE_PROFILING = 1
1836 [139918962308288] INFO perfrun.launcher <> - set environment variable: CORECLR_PROFILER = {AA5E4821-E3B1-479c-B7FF-5AD047D22CED}
1836 [139918962308288] INFO perfrun.launcher <> - set environment variable: CORECLR_PROFILER_PATH = /opt/intel/oneapi/vtune/2026.0/lib64/libamplxe_samplingmrte_clrprof_1.0.so
1836 [139918962308288] INFO perfrun.launcher <> - set environment variable: INTEL_MRTE_PROFILER_MODE = mixed
1836 [139918962308288] INFO perfrun.launcher <> - RpcServer: run RPC server to handle requests
1836 [139918962308288] INFO perfrun.launcher <> - Launcher: command line to start before modification = /home/lieunoir/rust/mesh_parsers/target/release/mesh_parsers
1836 [139918962308288] INFO perfrun.launcher <> - Launcher: command line to start after modification = /home/lieunoir/rust/mesh_parsers/target/release/mesh_parsers
1836 [139918962308288] INFO perfrun.launcher <> - ProcessCreator object was created
1837 [139918962308288] INFO perfrun.launcher <> - Launcher: the process was started in suspend mode
1838 [139918802151104] WARN perfrun.system <> - Could not do anything with /sys/kernel/debug/kvm: boost::filesystem::status: Permission denied [system:13]: "/sys/kernel/debug/kvm", at file: vcs/perfrun1/plugins/system/src/trace_writer.cpp:791
1838 [139918802151104] WARN perfrun.system <> - Folder "/var/run/libvirt/qemu/"doesn't exist, at file: vcs/perfrun1/plugins/system/src/trace_writer.cpp:804
1839 [139918802151104] WARN perfrun.sdk <> - Failed to find xl binary on any of the system paths: /bin, /sbin, /usr/bin, /usr/sbin., at file: vcs/perfrun1/sdk/src/utils.cpp:205
1839 [139918802151104] WARN perfrun.system <> - Could not start ContainerMapping collector, at file: vcs/perfrun1/plugins/system/src/controller.cpp:450
1908 [139918802151104] INFO perfrun.vdso <> - Helper runtool '/opt/intel/oneapi/vtune/2026.0/bin32/amplxe-runss -dump-vdso -r /home/lieunoir/rust/mesh_parsers/parser/r001hs --tmp-dir /tmp/amplxe-tmp-lieunoir' returned 0
2217 [139918802151104] INFO perfrun.vdso <> - Helper runtool '/opt/intel/oneapi/vtune/2026.0/bin64/amplxe-runss -dump-vdso -r /home/lieunoir/rust/mesh_parsers/parser/r001hs --tmp-dir /tmp/amplxe-tmp-lieunoir' returned 0
2217 [139918802151104] INFO perfrun.itt <> - start itt controller for pid #210656
2217 [139918802151104] INFO perfrun.perfcollector <> - attaching to pid: 210656, m_mode: 34, mode: 35
2217 [139918558885568] INFO perfrun.sdk <> - runCmd: /opt/intel/oneapi/vtune/2026.0/bin64/amplxe-perf record -v --control=fd:24,27 -o /home/lieunoir/rust/mesh_parsers/parser/r001hs/data.0/210656.perf -N -B -T --sample-cpu -d -p 210656 --compression-level=1 --threads --clockid=CLOCK_MONOTONIC_RAW -e cpu/period=2600000,event=0xc0,name='INST_RETIRED.ANY'/Dupp,cpu/period=2600000,event=0x3c,name='CPU_CLK_UNHALTED.THREAD'/Dupp,cpu/period=2600000,umask=0x3,name='CPU_CLK_UNHALTED.REF_TSC'/Dupp,cpu/period=2000003,umask=0x4,name='TOPDOWN.SLOTS'/Dupp,cpu/period=2600000,event=0xec,umask=0x2,name='CPU_CLK_UNHALTED.DISTRIBUTED'/upp,cpu/period=2000003,event=0xc2,umask=0x2,name='UOPS_RETIRED.SLOTS'/upp,cpu/period=2000003,event=0xa4,umask=0x1,name='TOPDOWN.SLOTS_P'/upp,cpu/period=2000003,event=0xc7,umask=0x2,name='FP_ARITH_INST_RETIRED.SCALAR_SINGLE'/upp,cpu/period=2000003,event=0xc7,umask=0x8,name='FP_ARITH_INST_RETIRED.128B_PACKED_SINGLE'/upp,cpu/period=2000003,event=0xc7,umask=0x20,name='FP_ARITH_INST_RETIRED.256B_PACKED_SINGLE'/upp,cpu/period=2000003,event=0xc7,umask=0x1,name='FP_ARITH_INST_RETIRED.SCALAR_DOUBLE'/upp,cpu/period=2000003,event=0xc7,umask=0x4,name='FP_ARITH_INST_RETIRED.128B_PACKED_DOUBLE'/upp,cpu/period=2000003,event=0xc7,umask=0x10,name='FP_ARITH_INST_RETIRED.256B_PACKED_DOUBLE'/upp,cpu/period=2000003,event=0xb1,umask=0x10,name='UOPS_EXECUTED.X87'/upp,cpu/period=2000003,event=0xb1,umask=0x1,name='UOPS_EXECUTED.THREAD'/upp,cpu/period=2000003,event=0xc7,umask=0x40,name='FP_ARITH_INST_RETIRED.512B_PACKED_DOUBLE'/upp,cpu/period=2000003,event=0xc7,umask=0x80,name='FP_ARITH_INST_RETIRED.512B_PACKED_SINGLE'/upp /opt/intel/oneapi/vtune/2026.0/bin64/amplxe-perf-sync sync tsc
2218 [139918558885568] INFO perfrun.sdk <> - runCmd started PID 210696
2506 [139918962308288] INFO perfrun.launcher <> - Launcher: all plugins were started
2506 [139918962308288] INFO perfrun.launcher <> - DirectoryMonitor object was created
2506 [139918962308288] INFO perfrun.launcher <> - DirectoryMonitor: a callback was added
2506 [139918962308288] INFO perfrun.launcher <> - DirectoryMonitor was started with pingTime = 1000
2506 [139918962308288] INFO perfrun.launcher <> - DeadlineTimer is going to be constructed
2506 [139918962308288] INFO perfrun.launcher <> - DeadlineTimer: a callback was added
2518 [139918962308288] INFO perfrun.launcher <> - Launcher: resume the profiled application and  wait its termination or stop command
5805 [139918962308288] INFO perfrun.launcher <> - Launcher: the profiled application was terminated  with exit code = 0
5807 [139918802151104] INFO perfrun.itt <> - detach itt controller
5807 [139918802151104] INFO perfrun.itt <> - detach itt controller done
5812 [139918558885568] INFO perfrun.perfcollector <> - Monitor: runCmd RC = true
5812 [139918802151104] INFO perfrun.perfcollector <> - Monitor: state = 3, error = 1
5812 [139918802151104] INFO perfrun.sdk <> - De-allocating TMU: /home/lieunoir/rust/mesh_parsers/parser/r001hs/data.0/systemcollector-210578-hirondelle.sc
5812 [139918802151104] INFO perfrun.system <> - closed the system trace file: /home/lieunoir/rust/mesh_parsers/parser/r001hs/data.0/systemcollector-210578-hirondelle.sc
5813 [139918962308288] INFO perfrun.launcher <> - Launcher: all plugins were stopped.
5813 [139918962308288] INFO perfrun.launcher <> - DeadlineTimer is going to be destroyed
5813 [139918962308288] INFO perfrun.launcher <> - DeadlineTimer was destroyed
5813 [139918962308288] INFO perfrun.launcher <> - DirectoryMonitor object was destroyed
5813 [139918962308288] WARN perfrun.launcher <> - Stop command is ignored because it is received when collection is already stopped, at file: vcs/perfrun1/launcher/src/command_handler.cpp:226
5813 [139918962308288] INFO perfrun.launcher <> - Application exit code: 0
5813 [139918962308288] INFO perfrun.launcher <> - Exit code: 0
