threads_spec: cpu
Using CPUID GenuineIntel-6-8D-1
DEBUGINFOD_URLS=
Compression enabled, disabling build id collection at the end of the session.
nr_threads: 16
thread_masks[0]: 0x55ba065326c0: maps mask[16]: 0
thread_masks[0]: 0x55ba065326d0: affinity mask[16]: 0
thread_masks[1]: 0x55ba065326e0: maps mask[16]: 1
thread_masks[1]: 0x55ba065326f0: affinity mask[16]: 1
thread_masks[2]: 0x55ba06532700: maps mask[16]: 2
thread_masks[2]: 0x55ba06532710: affinity mask[16]: 2
thread_masks[3]: 0x55ba06532720: maps mask[16]: 3
thread_masks[3]: 0x55ba06532730: affinity mask[16]: 3
thread_masks[4]: 0x55ba06532740: maps mask[16]: 4
thread_masks[4]: 0x55ba06532750: affinity mask[16]: 4
thread_masks[5]: 0x55ba06532760: maps mask[16]: 5
thread_masks[5]: 0x55ba06532770: affinity mask[16]: 5
thread_masks[6]: 0x55ba06532780: maps mask[16]: 6
thread_masks[6]: 0x55ba06532790: affinity mask[16]: 6
thread_masks[7]: 0x55ba065327a0: maps mask[16]: 7
thread_masks[7]: 0x55ba065327b0: affinity mask[16]: 7
thread_masks[8]: 0x55ba065327c0: maps mask[16]: 8
thread_masks[8]: 0x55ba065327d0: affinity mask[16]: 8
thread_masks[9]: 0x55ba065327e0: maps mask[16]: 9
thread_masks[9]: 0x55ba065327f0: affinity mask[16]: 9
thread_masks[10]: 0x55ba06532800: maps mask[16]: 10
thread_masks[10]: 0x55ba06532810: affinity mask[16]: 10
thread_masks[11]: 0x55ba06532820: maps mask[16]: 11
thread_masks[11]: 0x55ba06532830: affinity mask[16]: 11
thread_masks[12]: 0x55ba06532840: maps mask[16]: 12
thread_masks[12]: 0x55ba06532850: affinity mask[16]: 12
thread_masks[13]: 0x55ba06532860: maps mask[16]: 13
thread_masks[13]: 0x55ba06532870: affinity mask[16]: 13
thread_masks[14]: 0x55ba06532880: maps mask[16]: 14
thread_masks[14]: 0x55ba06532890: affinity mask[16]: 14
thread_masks[15]: 0x55ba065328a0: maps mask[16]: 15
thread_masks[15]: 0x55ba065328b0: affinity mask[16]: 15
nr_cblocks: 0
affinity: SYS
mmap flush: 1
comp level: 1
mmap size 528384B
threads[210737]: started on cpu1
threads[210738]: started on cpu2
threads[210739]: started on cpu3
threads[210740]: started on cpu4
threads[210741]: started on cpu5
threads[210742]: started on cpu6
threads[210743]: started on cpu7
threads[210744]: started on cpu8
threads[210745]: started on cpu9
threads[210746]: started on cpu10
threads[210747]: started on cpu11
threads[210748]: started on cpu12
threads[210749]: started on cpu13
threads[210750]: started on cpu14
threads[210751]: started on cpu15
threads[210696]: started on cpu0

210736:perf-sync:ready:TSC=4729402737105765
[ perf record: Woken up 1018 times to write data ]
threads[210696]: samples=7, wakes=5, transferred=1122240, compressed=129431
threads[210737]: samples=1, wakes=2, transferred=91904, compressed=11151
threads[210738]: samples=14, wakes=10, transferred=2463880, compressed=279800
threads[210739]: samples=1, wakes=2, transferred=34688, compressed=3994
threads[210740]: samples=1, wakes=27, transferred=1600, compressed=240
threads[210741]: samples=1, wakes=2, transferred=7872, compressed=1053
threads[210742]: samples=1, wakes=2, transferred=121280, compressed=14401
threads[210743]: samples=0, wakes=188, written=0
threads[210744]: samples=9, wakes=7, transferred=1370928, compressed=161823
threads[210745]: samples=1, wakes=2, transferred=14272, compressed=1741
threads[210746]: samples=1, wakes=199, transferred=262656, compressed=31810
threads[210747]: samples=1, wakes=2, transferred=11392, compressed=1192
threads[210748]: samples=0, wakes=181, written=0
threads[210749]: samples=0, wakes=217, written=0
threads[210750]: samples=0, wakes=171, written=0
threads[210751]: samples=1, wakes=2, transferred=85376, compressed=10053
failed to write feature HYBRID_TOPOLOGY
[ perf record: Captured and wrote 0.656 MB /home/lieunoir/rust/mesh_parsers/parser/r001hs/data.0/210656.perf, compressed (original 5.329 MB, ratio is 8.641) ]
